0 info it worked if it ends with ok
1 verbose cli [ '/usr/local/bin/node', '/usr/local/bin/npm', 'start' ]
2 info using npm@3.8.3
3 info using node@v5.8.0
4 verbose run-script [ 'prestart', 'start', 'poststart' ]
5 info lifecycle peter1994@1.0.2~prestart: peter1994@1.0.2
6 silly lifecycle peter1994@1.0.2~prestart: no script for prestart, continuing
7 info lifecycle peter1994@1.0.2~start: peter1994@1.0.2
8 verbose lifecycle peter1994@1.0.2~start: unsafe-perm in lifecycle true
9 verbose lifecycle peter1994@1.0.2~start: PATH: /usr/local/lib/node_modules/npm/bin/node-gyp-bin:/Users/Peter/WebstormProjects/Peter1994Blog/node_modules/.bin:/usr/local/bin:/Users/Peter/.rvm/gems/ruby-2.2.3/bin:/Users/Peter/.rvm/gems/ruby-2.2.3@global/bin:/Users/Peter/.rvm/rubies/ruby-2.2.3/bin:/usr/local/bin:/usr/bin:/bin:/usr/sbin:/sbin:/Users/Peter/.node/bin:/Users/Peter/.rvm/bin
10 verbose lifecycle peter1994@1.0.2~start: CWD: /Users/Peter/WebstormProjects/Peter1994Blog
11 silly lifecycle peter1994@1.0.2~start: Args: [ '-c', './server.js' ]
12 silly lifecycle peter1994@1.0.2~start: Returned: code: 126  signal: null
13 info lifecycle peter1994@1.0.2~start: Failed to exec start script
14 verbose stack Error: peter1994@1.0.2 start: `./server.js`
14 verbose stack Exit status 126
14 verbose stack     at EventEmitter.<anonymous> (/usr/local/lib/node_modules/npm/lib/utils/lifecycle.js:239:16)
14 verbose stack     at emitTwo (events.js:100:13)
14 verbose stack     at EventEmitter.emit (events.js:185:7)
14 verbose stack     at ChildProcess.<anonymous> (/usr/local/lib/node_modules/npm/lib/utils/spawn.js:24:14)
14 verbose stack     at emitTwo (events.js:100:13)
14 verbose stack     at ChildProcess.emit (events.js:185:7)
14 verbose stack     at maybeClose (internal/child_process.js:850:16)
14 verbose stack     at Process.ChildProcess._handle.onexit (internal/child_process.js:215:5)
15 verbose pkgid peter1994@1.0.2
16 verbose cwd /Users/Peter/WebstormProjects/Peter1994Blog
17 error Darwin 15.5.0
18 error argv "/usr/local/bin/node" "/usr/local/bin/npm" "start"
19 error node v5.8.0
20 error npm  v3.8.3
21 error code ELIFECYCLE
22 error peter1994@1.0.2 start: `./server.js`
22 error Exit status 126
23 error Failed at the peter1994@1.0.2 start script './server.js'.
23 error Make sure you have the latest version of node.js and npm installed.
23 error If you do, this is most likely a problem with the peter1994 package,
23 error not with npm itself.
23 error Tell the author that this fails on your system:
23 error     ./server.js
23 error You can get information on how to open an issue for this project with:
23 error     npm bugs peter1994
23 error Or if that isn't available, you can get their info via:
23 error     npm owner ls peter1994
23 error There is likely additional logging output above.
24 verbose exit [ 1, true ]
